[debug] [2018-04-23T04:43:15.502Z] ----------------------------------------------------------------------
[debug] [2018-04-23T04:43:15.505Z] Command:       /usr/local/bin/node /Users/michaelbeeson/.npm-packages/bin/firebase deploy --project one-time-password-45e99
[debug] [2018-04-23T04:43:15.505Z] CLI Version:   3.18.4
[debug] [2018-04-23T04:43:15.505Z] Platform:      darwin
[debug] [2018-04-23T04:43:15.505Z] Node Version:  v8.9.4
[debug] [2018-04-23T04:43:15.506Z] Time:          Sun Apr 22 2018 21:43:15 GMT-0700 (PDT)
[debug] [2018-04-23T04:43:15.506Z] ----------------------------------------------------------------------
[debug] 
[debug] [2018-04-23T04:43:15.521Z] > command requires scopes: ["email","openid","https://www.googleapis.com/auth/cloudplatformprojects.readonly","https://www.googleapis.com/auth/firebase","https://www.googleapis.com/auth/cloud-platform"]
[debug] [2018-04-23T04:43:15.521Z] > authorizing via signed-in user
[debug] [2018-04-23T04:43:15.524Z] >>> HTTP REQUEST GET https://admin.firebase.com/v1/projects/one-time-password-45e99  
  
 Sun Apr 22 2018 21:43:15 GMT-0700 (PDT)
[debug] [2018-04-23T04:43:16.061Z] <<< HTTP RESPONSE 200
[debug] [2018-04-23T04:43:16.062Z] >>> HTTP REQUEST GET https://admin.firebase.com/v1/database/one-time-password-45e99/tokens  
  
 Sun Apr 22 2018 21:43:16 GMT-0700 (PDT)
[debug] [2018-04-23T04:43:16.624Z] <<< HTTP RESPONSE 200
[info] 
[info] === Deploying to 'one-time-password-45e99'...
[info] 
[info] i  deploying functions
[info] Running command: npm --prefix "$RESOURCE_DIR" run lint
